#
# A fatal error has been detected by the Java Runtime Environment:
#
#  SIGSEGV (0xb) at pc=0x00000001093241bc, pid=4133, tid=0x0000000000001203
#
# JRE version: Java(TM) SE Runtime Environment (8.0_201-b09) (build 1.8.0_201-b09)
# Java VM: Java HotSpot(TM) 64-Bit Server VM (25.201-b09 mixed mode bsd-amd64 compressed oops)
# Problematic frame:
# V  [libjvm.dylib+0x3281bc]  alloc_object(_jclass*, Thread*)+0x15
#
# Failed to write core dump. Core dumps have been disabled. To enable core dumping, try "ulimit -c unlimited" before starting Java again
#
# If you would like to submit a bug report, please visit:
#   http://bugreport.java.com/bugreport/crash.jsp
#

---------------  T H R E A D  ---------------

Current thread (0x00007fb27a008800):  JavaThread "main" [_thread_in_vm, id=4611, stack(0x000070000c298000,0x000070000c398000)]

siginfo: si_signo: 11 (SIGSEGV), si_code: 1 (SEGV_MAPERR), si_addr: 0x0000000000000000

Registers:
RAX=0x0000000000000000, RBX=0x00007fb27a008800, RCX=0x00000001098285e0, RDX=0x0000000000000004
RSP=0x000070000c395cb0, RBP=0x000070000c395cc0, RSI=0x00007fb27a008800, RDI=0x000000076ab00010
R8 =0x0000000109fcd2e0, R9 =0x000070000c396260, R10=0x0000000109fcd63b, R11=0x00000001094e5913
R12=0x000070000c395d40, R13=0x000070000c395d30, R14=0x0000000000000000, R15=0x00007fb27a008800
RIP=0x00000001093241bc, EFLAGS=0x0000000000010246, ERR=0x0000000000000004
  TRAPNO=0x000000000000000e

Top of Stack: (sp=0x000070000c395cb0)
0x000070000c395cb0:   000070000c395df0 00007fb27a0089f8
0x000070000c395cc0:   000070000c395d20 0000000109313705
0x000070000c395cd0:   000070000c395cf0 00007fb27a008800
0x000070000c395ce0:   0000000000000000 0000600000000000
0x000070000c395cf0:   000070000c395d30 00007fb27a008800
0x000070000c395d00:   00007fb27a008800 000070000c395df0
0x000070000c395d10:   00007fb27a0089f8 00007fb27a008800
0x000070000c395d20:   000070000c395d70 0000000109582b31
0x000070000c395d30:   00007fb27a008800 00007fb27a008800
0x000070000c395d40:   00007fb27a008800 0000000121d8b720
0x000070000c395d50:   0000000000000000 0000000121d8b718
0x000070000c395d60:   000070000c395df8 00007fb27a008800
0x000070000c395d70:   000070000c395dd0 0000000109fcd667
0x000070000c395d80:   00006000220d5078 00006000025ce400
0x000070000c395d90:   000070000c395d90 0000000000000000
0x000070000c395da0:   000070000c395df8 0000000121db85d8
0x000070000c395db0:   0000000000000000 0000000121d8b720
0x000070000c395dc0:   0000000000000000 000070000c395df0
0x000070000c395dd0:   000070000c395e60 0000000109fb57a7
0x000070000c395de0:   0000000000000000 0000000109fc6d1b
0x000070000c395df0:   000000076ab00010 000000076ab089a8
0x000070000c395e00:   0000000100001fa0 000000000000000c
0x000070000c395e10:   00007fb27a008800 0000000000000002
0x000070000c395e20:   0000000109fb571f 0000000121d8b720
0x000070000c395e30:   000070000c395ef8 000070000c396250
0x000070000c395e40:   000000070000000c 0000000121d8b720
0x000070000c395e50:   0000000109fcd2e0 000070000c396260
0x000070000c395e60:   000070000c396010 00000001092ecbea
0x000070000c395e70:   0000700000000002 00007fb27a008800
0x000070000c395e80:   000070000c396600 000070000c396250
0x000070000c395e90:   0000600000fd0038 0000000109fcd2e0
0x000070000c395ea0:   010070000c396630 000070000c396258 

Instructions: (pc=0x00000001093241bc)
0x000000010932419c:   bf c9 2d 00 ba 2d 06 00 00 eb a7 55 48 89 e5 41
0x00000001093241ac:   56 53 48 89 f3 48 8b 3f e8 07 99 fc ff 49 89 c6
0x00000001093241bc:   49 8b 06 31 f6 4c 89 f7 48 89 da ff 50 78 48 83
0x00000001093241cc:   7b 08 00 75 16 49 8b 06 4c 89 f7 48 89 de ff 90 

Register to memory mapping:

RAX=0x0000000000000000 is an unknown value
RBX=0x00007fb27a008800 is a thread
RCX=0x00000001098285e0: UseMembar+0 in /Library/Java/JavaVirtualMachines/jdk1.8.0_201.jdk/Contents/Home/jre/lib/server/libjvm.dylib at 0x0000000108ffc000
RDX=0x0000000000000004 is an unknown value
RSP=0x000070000c395cb0 is pointing into the stack for thread: 0x00007fb27a008800
RBP=0x000070000c395cc0 is pointing into the stack for thread: 0x00007fb27a008800
RSI=0x00007fb27a008800 is a thread
RDI=0x000000076ab00010 is an oop
java.lang.Class 
 - klass: 'java/lang/Class'
R8 =0x0000000109fcd2e0 is at code_begin+0 in an Interpreter codelet
method entry point (kind = native)  [0x0000000109fcd2e0, 0x0000000109fcdc40]  2400 bytes
R9 =0x000070000c396260 is pointing into the stack for thread: 0x00007fb27a008800
R10=0x0000000109fcd63b is at code_begin+859 in an Interpreter codelet
method entry point (kind = native)  [0x0000000109fcd2e0, 0x0000000109fcdc40]  2400 bytes
R11=0x00000001094e5913: throw_unsatisfied_link_error+0 in /Library/Java/JavaVirtualMachines/jdk1.8.0_201.jdk/Contents/Home/jre/lib/server/libjvm.dylib at 0x0000000108ffc000
R12=0x000070000c395d40 is pointing into the stack for thread: 0x00007fb27a008800
R13=0x000070000c395d30 is pointing into the stack for thread: 0x00007fb27a008800
R14=0x0000000000000000 is an unknown value
R15=0x00007fb27a008800 is a thread


Stack: [0x000070000c298000,0x000070000c398000],  sp=0x000070000c395cb0,  free space=1015k
Native frames: (J=compiled Java code, j=interpreted, Vv=VM code, C=native code)
V  [libjvm.dylib+0x3281bc]  alloc_object(_jclass*, Thread*)+0x15
V  [libjvm.dylib+0x317705]  jni_AllocObject+0x66
V  [libjvm.dylib+0x586b31]  Unsafe_AllocateInstance+0x59
j  sun.misc.Unsafe.allocateInstance(Ljava/lang/Class;)Ljava/lang/Object;+0
v  ~StubRoutines::call_stub
V  [libjvm.dylib+0x2f0bea]  JavaCalls::call_helper(JavaValue*, methodHandle*, JavaCallArguments*, Thread*)+0x6ae
V  [libjvm.dylib+0x4d7830]  Reflection::invoke(instanceKlassHandle, methodHandle, Handle, bool, objArrayHandle, BasicType, objArrayHandle, bool, Thread*)+0xe12
V  [libjvm.dylib+0x4d7d64]  Reflection::invoke_method(oopDesc*, Handle, objArrayHandle, Thread*)+0x16c
V  [libjvm.dylib+0x349138]  JVM_InvokeMethod+0x166
j  sun.reflect.NativeMethodAccessorImpl.invoke0(Ljava/lang/reflect/Method;Ljava/lang/Object;[Ljava/lang/Object;)Ljava/lang/Object;+0
j  sun.reflect.NativeMethodAccessorImpl.invoke(Ljava/lang/Object;[Ljava/lang/Object;)Ljava/lang/Object;+100
j  sun.reflect.DelegatingMethodAccessorImpl.invoke(Ljava/lang/Object;[Ljava/lang/Object;)Ljava/lang/Object;+6
j  java.lang.reflect.Method.invoke(Ljava/lang/Object;[Ljava/lang/Object;)Ljava/lang/Object;+56
j  run.soeasy.framework.core.ReflectionUtils.invoke(Ljava/lang/reflect/Method;Ljava/lang/Object;[Ljava/lang/Object;)Ljava/lang/Object;+18
j  run.soeasy.framework.core.AllocateInstanceFactory.newInstance(Lrun/soeasy/framework/core/ResolvableType;)Ljava/lang/Object;+35
j  run.soeasy.framework.core.SupportedInstanceFactory.newInstance(Lrun/soeasy/framework/core/ResolvableType;)Ljava/lang/Object;+19
j  run.soeasy.framework.core.invoke.reflect.ReflectionTest.test()V+9
v  ~StubRoutines::call_stub
V  [libjvm.dylib+0x2f0bea]  JavaCalls::call_helper(JavaValue*, methodHandle*, JavaCallArguments*, Thread*)+0x6ae
V  [libjvm.dylib+0x4d7830]  Reflection::invoke(instanceKlassHandle, methodHandle, Handle, bool, objArrayHandle, BasicType, objArrayHandle, bool, Thread*)+0xe12
V  [libjvm.dylib+0x4d7d64]  Reflection::invoke_method(oopDesc*, Handle, objArrayHandle, Thread*)+0x16c
V  [libjvm.dylib+0x349138]  JVM_InvokeMethod+0x166
j  sun.reflect.NativeMethodAccessorImpl.invoke0(Ljava/lang/reflect/Method;Ljava/lang/Object;[Ljava/lang/Object;)Ljava/lang/Object;+0
j  sun.reflect.NativeMethodAccessorImpl.invoke(Ljava/lang/Object;[Ljava/lang/Object;)Ljava/lang/Object;+100
j  sun.reflect.DelegatingMethodAccessorImpl.invoke(Ljava/lang/Object;[Ljava/lang/Object;)Ljava/lang/Object;+6
j  java.lang.reflect.Method.invoke(Ljava/lang/Object;[Ljava/lang/Object;)Ljava/lang/Object;+56
j  org.junit.runners.model.FrameworkMethod$1.runReflectiveCall()Ljava/lang/Object;+15
j  org.junit.internal.runners.model.ReflectiveCallable.run()Ljava/lang/Object;+1
j  org.junit.runners.model.FrameworkMethod.invokeExplosively(Ljava/lang/Object;[Ljava/lang/Object;)Ljava/lang/Object;+10
j  org.junit.internal.runners.statements.InvokeMethod.evaluate()V+12
j  org.junit.runners.ParentRunner$3.evaluate()V+4
j  org.junit.runners.BlockJUnit4ClassRunner$1.evaluate()V+11
j  org.junit.runners.ParentRunner.runLeaf(Lorg/junit/runners/model/Statement;Lorg/junit/runner/Description;Lorg/junit/runner/notification/RunNotifier;)V+17
j  org.junit.runners.BlockJUnit4ClassRunner.runChild(Lorg/junit/runners/model/FrameworkMethod;Lorg/junit/runner/notification/RunNotifier;)V+38
j  org.junit.runners.BlockJUnit4ClassRunner.runChild(Ljava/lang/Object;Lorg/junit/runner/notification/RunNotifier;)V+6
j  org.junit.runners.ParentRunner$4.run()V+12
j  org.junit.runners.ParentRunner$1.schedule(Ljava/lang/Runnable;)V+1
j  org.junit.runners.ParentRunner.runChildren(Lorg/junit/runner/notification/RunNotifier;)V+44
j  org.junit.runners.ParentRunner.access$100(Lorg/junit/runners/ParentRunner;Lorg/junit/runner/notification/RunNotifier;)V+2
j  org.junit.runners.ParentRunner$2.evaluate()V+8
j  org.junit.runners.ParentRunner$3.evaluate()V+4
j  org.junit.runners.ParentRunner.run(Lorg/junit/runner/notification/RunNotifier;)V+24
j  org.eclipse.jdt.internal.junit4.runner.JUnit4TestReference.run(Lorg/eclipse/jdt/internal/junit/runner/TestExecution;)V+72
j  org.eclipse.jdt.internal.junit.runner.TestExecution.run([Lorg/eclipse/jdt/internal/junit/runner/ITestReference;)V+27
j  org.eclipse.jdt.internal.junit.runner.RemoteTestRunner.runTests([Ljava/lang/String;Ljava/lang/String;Lorg/eclipse/jdt/internal/junit/runner/TestExecution;)V+62
j  org.eclipse.jdt.internal.junit.runner.RemoteTestRunner.runTests(Lorg/eclipse/jdt/internal/junit/runner/TestExecution;)V+10
j  org.eclipse.jdt.internal.junit.runner.RemoteTestRunner.run()V+70
j  org.eclipse.jdt.internal.junit.runner.RemoteTestRunner.main([Ljava/lang/String;)V+14
v  ~StubRoutines::call_stub
V  [libjvm.dylib+0x2f0bea]  JavaCalls::call_helper(JavaValue*, methodHandle*, JavaCallArguments*, Thread*)+0x6ae
V  [libjvm.dylib+0x327b91]  jni_invoke_static(JNIEnv_*, JavaValue*, _jobject*, JNICallType, _jmethodID*, JNI_ArgumentPusher*, Thread*)+0x1bf
V  [libjvm.dylib+0x32091d]  jni_CallStaticVoidMethod+0x15d
C  [java+0x38c6]  JavaMain+0x9c4
C  [libsystem_pthread.dylib+0x5df1]  _pthread_start+0x63
C  [libsystem_pthread.dylib+0x1857]  thread_start+0xf
C  0x0000000000000000

Java frames: (J=compiled Java code, j=interpreted, Vv=VM code)
j  sun.misc.Unsafe.allocateInstance(Ljava/lang/Class;)Ljava/lang/Object;+0
v  ~StubRoutines::call_stub
j  sun.reflect.NativeMethodAccessorImpl.invoke0(Ljava/lang/reflect/Method;Ljava/lang/Object;[Ljava/lang/Object;)Ljava/lang/Object;+0
j  sun.reflect.NativeMethodAccessorImpl.invoke(Ljava/lang/Object;[Ljava/lang/Object;)Ljava/lang/Object;+100
j  sun.reflect.DelegatingMethodAccessorImpl.invoke(Ljava/lang/Object;[Ljava/lang/Object;)Ljava/lang/Object;+6
j  java.lang.reflect.Method.invoke(Ljava/lang/Object;[Ljava/lang/Object;)Ljava/lang/Object;+56
j  run.soeasy.framework.core.ReflectionUtils.invoke(Ljava/lang/reflect/Method;Ljava/lang/Object;[Ljava/lang/Object;)Ljava/lang/Object;+18
j  run.soeasy.framework.core.AllocateInstanceFactory.newInstance(Lrun/soeasy/framework/core/ResolvableType;)Ljava/lang/Object;+35
j  run.soeasy.framework.core.SupportedInstanceFactory.newInstance(Lrun/soeasy/framework/core/ResolvableType;)Ljava/lang/Object;+19
j  run.soeasy.framework.core.invoke.reflect.ReflectionTest.test()V+9
v  ~StubRoutines::call_stub
j  sun.reflect.NativeMethodAccessorImpl.invoke0(Ljava/lang/reflect/Method;Ljava/lang/Object;[Ljava/lang/Object;)Ljava/lang/Object;+0
j  sun.reflect.NativeMethodAccessorImpl.invoke(Ljava/lang/Object;[Ljava/lang/Object;)Ljava/lang/Object;+100
j  sun.reflect.DelegatingMethodAccessorImpl.invoke(Ljava/lang/Object;[Ljava/lang/Object;)Ljava/lang/Object;+6
j  java.lang.reflect.Method.invoke(Ljava/lang/Object;[Ljava/lang/Object;)Ljava/lang/Object;+56
j  org.junit.runners.model.FrameworkMethod$1.runReflectiveCall()Ljava/lang/Object;+15
j  org.junit.internal.runners.model.ReflectiveCallable.run()Ljava/lang/Object;+1
j  org.junit.runners.model.FrameworkMethod.invokeExplosively(Ljava/lang/Object;[Ljava/lang/Object;)Ljava/lang/Object;+10
j  org.junit.internal.runners.statements.InvokeMethod.evaluate()V+12
j  org.junit.runners.ParentRunner$3.evaluate()V+4
j  org.junit.runners.BlockJUnit4ClassRunner$1.evaluate()V+11
j  org.junit.runners.ParentRunner.runLeaf(Lorg/junit/runners/model/Statement;Lorg/junit/runner/Description;Lorg/junit/runner/notification/RunNotifier;)V+17
j  org.junit.runners.BlockJUnit4ClassRunner.runChild(Lorg/junit/runners/model/FrameworkMethod;Lorg/junit/runner/notification/RunNotifier;)V+38
j  org.junit.runners.BlockJUnit4ClassRunner.runChild(Ljava/lang/Object;Lorg/junit/runner/notification/RunNotifier;)V+6
j  org.junit.runners.ParentRunner$4.run()V+12
j  org.junit.runners.ParentRunner$1.schedule(Ljava/lang/Runnable;)V+1
j  org.junit.runners.ParentRunner.runChildren(Lorg/junit/runner/notification/RunNotifier;)V+44
j  org.junit.runners.ParentRunner.access$100(Lorg/junit/runners/ParentRunner;Lorg/junit/runner/notification/RunNotifier;)V+2
j  org.junit.runners.ParentRunner$2.evaluate()V+8
j  org.junit.runners.ParentRunner$3.evaluate()V+4
j  org.junit.runners.ParentRunner.run(Lorg/junit/runner/notification/RunNotifier;)V+24
j  org.eclipse.jdt.internal.junit4.runner.JUnit4TestReference.run(Lorg/eclipse/jdt/internal/junit/runner/TestExecution;)V+72
j  org.eclipse.jdt.internal.junit.runner.TestExecution.run([Lorg/eclipse/jdt/internal/junit/runner/ITestReference;)V+27
j  org.eclipse.jdt.internal.junit.runner.RemoteTestRunner.runTests([Ljava/lang/String;Ljava/lang/String;Lorg/eclipse/jdt/internal/junit/runner/TestExecution;)V+62
j  org.eclipse.jdt.internal.junit.runner.RemoteTestRunner.runTests(Lorg/eclipse/jdt/internal/junit/runner/TestExecution;)V+10
j  org.eclipse.jdt.internal.junit.runner.RemoteTestRunner.run()V+70
j  org.eclipse.jdt.internal.junit.runner.RemoteTestRunner.main([Ljava/lang/String;)V+14
v  ~StubRoutines::call_stub

---------------  P R O C E S S  ---------------

Java Threads: ( => current thread )
  0x00007fb279075000 JavaThread "ReaderThread" [_thread_in_native, id=22531, stack(0x000070000d8dd000,0x000070000d9dd000)]
  0x00007fb27904b800 JavaThread "Service Thread" daemon [_thread_blocked, id=21763, stack(0x000070000d6d7000,0x000070000d7d7000)]
  0x00007fb27a00a000 JavaThread "C1 CompilerThread3" daemon [_thread_blocked, id=18947, stack(0x000070000d5d4000,0x000070000d6d4000)]
  0x00007fb27a009000 JavaThread "C2 CompilerThread2" daemon [_thread_blocked, id=18179, stack(0x000070000d4d1000,0x000070000d5d1000)]
  0x00007fb279030800 JavaThread "C2 CompilerThread1" daemon [_thread_blocked, id=17923, stack(0x000070000d3ce000,0x000070000d4ce000)]
  0x00007fb279015000 JavaThread "C2 CompilerThread0" daemon [_thread_blocked, id=19459, stack(0x000070000d2cb000,0x000070000d3cb000)]
  0x00007fb279014000 JavaThread "Signal Dispatcher" daemon [_thread_blocked, id=19971, stack(0x000070000d1c8000,0x000070000d2c8000)]
  0x00007fb27a821800 JavaThread "Finalizer" daemon [_thread_blocked, id=14083, stack(0x000070000cfbf000,0x000070000d0bf000)]
  0x00007fb27a820800 JavaThread "Reference Handler" daemon [_thread_blocked, id=13315, stack(0x000070000cebc000,0x000070000cfbc000)]
=>0x00007fb27a008800 JavaThread "main" [_thread_in_vm, id=4611, stack(0x000070000c298000,0x000070000c398000)]

Other Threads:
  0x00007fb27981f000 VMThread [stack: 0x000070000cdb9000,0x000070000ceb9000] [id=12803]
  0x00007fb27904c000 WatcherThread [stack: 0x000070000d7da000,0x000070000d8da000] [id=32515]

VM state:not at safepoint (normal execution)

VM Mutex/Monitor currently owned by a thread: None

heap address: 0x00000006c0000000, size: 4096 MB, Compressed Oops mode: Zero based, Oop shift amount: 3
Narrow klass base: 0x0000000000000000, Narrow klass shift: 3
Compressed class space size: 1073741824 Address: 0x00000007c0000000

Heap:
 PSYoungGen      total 76288K, used 17055K [0x000000076ab00000, 0x0000000770000000, 0x00000007c0000000)
  eden space 65536K, 26% used [0x000000076ab00000,0x000000076bba7c68,0x000000076eb00000)
  from space 10752K, 0% used [0x000000076f580000,0x000000076f580000,0x0000000770000000)
  to   space 10752K, 0% used [0x000000076eb00000,0x000000076eb00000,0x000000076f580000)
 ParOldGen       total 175104K, used 0K [0x00000006c0000000, 0x00000006cab00000, 0x000000076ab00000)
  object space 175104K, 0% used [0x00000006c0000000,0x00000006c0000000,0x00000006cab00000)
 Metaspace       used 8374K, capacity 8850K, committed 8960K, reserved 1056768K
  class space    used 1128K, capacity 1264K, committed 1280K, reserved 1048576K

Card table byte_map: [0x0000000108500000,0x0000000108d01000] byte_map_base: 0x0000000104f00000

Marking Bits: (ParMarkBitMap*) 0x00000001098f7e40
 Begin Bits: [0x000000011950b000, 0x000000011d50b000)
 End Bits:   [0x000000011d50b000, 0x000000012150b000)

Polling page: 0x0000000108079000

CodeCache: size=245760Kb used=2663Kb max_used=2681Kb free=243096Kb
 bounds [0x0000000109fb5000, 0x000000010a255000, 0x0000000118fb5000]
 total_blobs=943 nmethods=641 adapters=216
 compilation: enabled

Compilation events (10 events):
Event: 0.527 Thread 0x00007fb27a00a000 nmethod 633 0x000000010a234810 code [0x000000010a2349e0, 0x000000010a235358]
Event: 0.527 Thread 0x00007fb27a00a000  634       3       java.security.CodeSource::matchCerts (254 bytes)
Event: 0.528 Thread 0x00007fb27a00a000 nmethod 634 0x000000010a235550 code [0x000000010a235760, 0x000000010a2362f8]
Event: 0.529 Thread 0x00007fb27a00a000  635       1       java.util.stream.ReferencePipeline$StatelessOp::opIsStateful (2 bytes)
Event: 0.529 Thread 0x00007fb27a00a000 nmethod 635 0x000000010a236a50 code [0x000000010a236ba0, 0x000000010a236cb0]
Event: 0.529 Thread 0x00007fb27a00a000  636       3       java.lang.invoke.MethodHandles$Lookup::checkSymbolicClass (42 bytes)
Event: 0.530 Thread 0x00007fb27a00a000 nmethod 636 0x000000010a236d10 code [0x000000010a236f40, 0x000000010a237a18]
Event: 0.534 Thread 0x00007fb27a00a000  638       3       jdk.internal.org.objectweb.asm.MethodWriter::visitMaxs (1159 bytes)
Event: 0.538 Thread 0x00007fb27a00a000 nmethod 638 0x000000010a237f10 code [0x000000010a2383c0, 0x000000010a23ab18]
Event: 0.538 Thread 0x00007fb27a00a000  641       3       jdk.internal.org.objectweb.asm.MethodWriter::put (1599 bytes)

GC Heap History (0 events):
No events

Deoptimization events (3 events):
Event: 0.194 Thread 0x00007fb27a008800 Uncommon trap: reason=unstable_if action=reinterpret pc=0x000000010a0f0a78 method=java.lang.String.indexOf([CII[CIII)I @ 123
Event: 0.194 Thread 0x00007fb27a008800 Uncommon trap: reason=unstable_if action=reinterpret pc=0x000000010a0e9dec method=java.lang.String.indexOf([CII[CIII)I @ 123
Event: 0.449 Thread 0x00007fb27a008800 Uncommon trap: reason=unstable_if action=reinterpret pc=0x000000010a16f558 method=java.lang.String.indexOf([CII[CIII)I @ 3

Classes redefined (0 events):
No events

Internal exceptions (10 events):
Event: 0.430 Thread 0x00007fb27a008800 Exception <a 'java/lang/NoSuchMethodError': java.lang.Object.lambda$null$3(Ljava/util/function/Function;Ljava/lang/Object;)Ljava/util/stream/Stream;> (0x000000076b7c0810) thrown at [/Users/java_re/workspace/8-2-build-macosx-x86_64/jdk8u201/12322/hotspot/s
Event: 0.430 Thread 0x00007fb27a008800 Exception <a 'java/lang/NoSuchMethodError': java.lang.Object.lambda$identity$2(Ljava/lang/Object;)Ljava/lang/Object;> (0x000000076b7c4350) thrown at [/Users/java_re/workspace/8-2-build-macosx-x86_64/jdk8u201/12322/hotspot/src/share/vm/interpreter/linkReso
Event: 0.435 Thread 0x00007fb27a008800 Exception <a 'java/lang/NoSuchMethodError': java.lang.Object.lambda$findAny$6(Ljava/util/stream/Stream;)Ljava/util/Optional;> (0x000000076b7e98f8) thrown at [/Users/java_re/workspace/8-2-build-macosx-x86_64/jdk8u201/12322/hotspot/src/share/vm/interpreter/
Event: 0.438 Thread 0x00007fb27a008800 Exception <a 'java/lang/NoSuchMethodError': java.lang.Object.lambda$sorted$15(Ljava/util/Comparator;Ljava/util/stream/Stream;)Ljava/util/stream/Stream;> (0x000000076b80ae68) thrown at [/Users/java_re/workspace/8-2-build-macosx-x86_64/jdk8u201/12322/hotspo
Event: 0.439 Thread 0x00007fb27a008800 Exception <a 'java/lang/NoSuchMethodError': java.lang.Object.lambda$last$13(Ljava/util/stream/Stream;)Ljava/lang/Object;> (0x000000076b816660) thrown at [/Users/java_re/workspace/8-2-build-macosx-x86_64/jdk8u201/12322/hotspot/src/share/vm/interpreter/link
Event: 0.441 Thread 0x00007fb27a008800 Exception <a 'java/lang/NoSuchMethodError': java.lang.Object.lambda$orElse$2(Ljava/lang/Object;Ljava/lang/Object;)Ljava/lang/Object;> (0x000000076b826548) thrown at [/Users/java_re/workspace/8-2-build-macosx-x86_64/jdk8u201/12322/hotspot/src/share/vm/inte
Event: 0.527 Thread 0x00007fb27a008800 Exception <a 'java/lang/NoSuchMethodError': java.lang.Object.lambda$getElements$1()Ljava/util/stream/Stream;> (0x000000076babe9d8) thrown at [/Users/java_re/workspace/8-2-build-macosx-x86_64/jdk8u201/12322/hotspot/src/share/vm/interpreter/linkResolver.cpp
Event: 0.530 Thread 0x00007fb27a008800 Exception <a 'java/lang/NoSuchMethodError': java.lang.Object.lambda$null$0(Lrun/soeasy/framework/core/transform/property/PropertyDescriptor;)Lrun/soeasy/framework/core/domain/KeyValue;> (0x000000076bad8850) thrown at [/Users/java_re/workspace/8-2-build-ma
Event: 0.534 Thread 0x00007fb27a008800 Exception <a 'java/lang/NoSuchMethodError': java.lang.Object.lambda$getElements$2()Ljava/util/stream/Stream;> (0x000000076bb0fcb8) thrown at [/Users/java_re/workspace/8-2-build-macosx-x86_64/jdk8u201/12322/hotspot/src/share/vm/interpreter/linkResolver.cpp
Event: 0.535 Thread 0x00007fb27a008800 Exception <a 'java/lang/NoSuchMethodError': java.lang.Object.lambda$null$1(Lrun/soeasy/framework/core/transform/property/PropertyDescriptor;)Lrun/soeasy/framework/core/domain/KeyValue;> (0x000000076bb14360) thrown at [/Users/java_re/workspace/8-2-build-ma

Events (10 events):
Event: 0.535 loading class run/soeasy/framework/core/transform/property/PropertyDescriptor
Event: 0.535 loading class run/soeasy/framework/core/transform/property/PropertyDescriptor done
Event: 0.535 loading class run/soeasy/framework/core/transform/property/PropertyDescriptor
Event: 0.535 loading class run/soeasy/framework/core/transform/property/PropertyDescriptor done
Event: 0.535 loading class sun/reflect/UnsafeObjectFieldAccessorImpl
Event: 0.535 loading class sun/reflect/UnsafeObjectFieldAccessorImpl done
Event: 0.536 loading class run/soeasy/framework/core/StringUtils
Event: 0.536 loading class run/soeasy/framework/core/StringUtils done
Event: 0.538 loading class org/junit/runner/notification/RunNotifier$9
Event: 0.538 loading class org/junit/runner/notification/RunNotifier$9 done


Dynamic libraries:
0x00007ff830f36000 	/System/Library/Frameworks/Cocoa.framework/Versions/A/Cocoa
0x00007ff817741000 	/System/Library/Frameworks/AppKit.framework/Versions/C/AppKit
0x00007ff81acc9000 	/System/Library/Frameworks/CoreData.framework/Versions/A/CoreData
0x00007ff814e01000 	/System/Library/Frameworks/Foundation.framework/Versions/C/Foundation
0x00007ff82214b000 	/usr/lib/libSystem.B.dylib
0x00007ff818c94000 	/System/Library/PrivateFrameworks/UIFoundation.framework/Versions/A/UIFoundation
0x00007ffb2b6ed000 	/System/Library/PrivateFrameworks/CollectionViewCore.framework/Versions/A/CollectionViewCore
0x00007ff829bcf000 	/System/Library/PrivateFrameworks/RemoteViewServices.framework/Versions/A/RemoteViewServices
0x00007ff81fa47000 	/System/Library/PrivateFrameworks/XCTTargetBootstrap.framework/Versions/A/XCTTargetBootstrap
0x00007ff824d2f000 	/System/Library/PrivateFrameworks/InternationalSupport.framework/Versions/A/InternationalSupport
0x00007ff82507e000 	/System/Library/PrivateFrameworks/UserActivity.framework/Versions/A/UserActivity
0x00007ffd178c5000 	/System/Library/PrivateFrameworks/UIIntelligenceSupport.framework/Versions/A/UIIntelligenceSupport
0x00007ffb22265000 	/System/Library/Frameworks/SwiftUICore.framework/Versions/A/SwiftUICore
0x00007ffd1c4b3000 	/System/Library/PrivateFrameworks/WritingTools.framework/Versions/A/WritingTools
0x00007ffd1b608000 	/System/Library/PrivateFrameworks/WindowManagement.framework/Versions/A/WindowManagement
0x00007ff814a8d000 	/System/Library/Frameworks/SystemConfiguration.framework/Versions/A/SystemConfiguration
0x00007ff82405f000 	/usr/lib/libspindump.dylib
0x00007ff818e70000 	/System/Library/Frameworks/UniformTypeIdentifiers.framework/Versions/A/UniformTypeIdentifiers
0x00007ff821441000 	/usr/lib/libbsm.0.dylib
0x00007ff81d607000 	/usr/lib/libapp_launch_measurement.dylib
0x00007ff81c732000 	/System/Library/PrivateFrameworks/CoreAnalytics.framework/Versions/A/CoreAnalytics
0x00007ff81d60a000 	/System/Library/PrivateFrameworks/CoreAutoLayout.framework/Versions/A/CoreAutoLayout
0x00007ff81f091000 	/System/Library/Frameworks/Metal.framework/Versions/A/Metal
0x00007ff8202fc000 	/usr/lib/liblangid.dylib
0x00007ff81fa4c000 	/System/Library/PrivateFrameworks/CoreSVG.framework/Versions/A/CoreSVG
0x00007ff8198a1000 	/System/Library/PrivateFrameworks/SkyLight.framework/Versions/A/SkyLight
0x00007ff819d6e000 	/System/Library/Frameworks/CoreGraphics.framework/Versions/A/CoreGraphics
0x00007ff82a2be000 	/System/Library/Frameworks/Accelerate.framework/Versions/A/Accelerate
0x00007ff823e9f000 	/System/Library/PrivateFrameworks/IconServices.framework/Versions/A/IconServices
0x00007ff81f070000 	/System/Library/Frameworks/IOSurface.framework/Versions/A/IOSurface
0x00007ff81c760000 	/usr/lib/libDiagnosticMessagesClient.dylib
0x00007ff822060000 	/usr/lib/libz.1.dylib
0x00007ff82e47e000 	/System/Library/Frameworks/ApplicationServices.framework/Versions/A/ApplicationServices
0x00007ff81fa34000 	/System/Library/PrivateFrameworks/DFRFoundation.framework/Versions/A/DFRFoundation
0x00007ff816ff1000 	/usr/lib/libicucore.A.dylib
0x00007ff8260e7000 	/System/Library/Frameworks/AudioToolbox.framework/Versions/A/AudioToolbox
0x00007ff825037000 	/System/Library/PrivateFrameworks/DataDetectorsCore.framework/Versions/A/DataDetectorsCore
0x00007ff92045b000 	/System/Library/PrivateFrameworks/TextInput.framework/Versions/A/TextInput
0x00007ff8197f4000 	/usr/lib/libMobileGestalt.dylib
0x00007ff81f752000 	/System/Library/Frameworks/Carbon.framework/Versions/A/Frameworks/HIToolbox.framework/Versions/A/HIToolbox
0x00007ff81cf18000 	/System/Library/Frameworks/QuartzCore.framework/Versions/A/QuartzCore
0x00007ff816c0d000 	/System/Library/Frameworks/Security.framework/Versions/A/Security
0x00007ff829c07000 	/System/Library/Frameworks/Carbon.framework/Versions/A/Frameworks/SpeechRecognition.framework/Versions/A/SpeechRecognition
0x00007ff81d313000 	/System/Library/PrivateFrameworks/CoreUI.framework/Versions/A/CoreUI
0x00007ff8164cb000 	/System/Library/Frameworks/CoreAudio.framework/Versions/A/CoreAudio
0x00007ff81c847000 	/System/Library/Frameworks/DiskArbitration.framework/Versions/A/DiskArbitration
0x00007ff8244ac000 	/System/Library/PrivateFrameworks/MultitouchSupport.framework/Versions/A/MultitouchSupport
0x00007ff8197f3000 	/usr/lib/libenergytrace.dylib
0x00007ff914805000 	/System/Library/PrivateFrameworks/RenderBox.framework/Versions/A/RenderBox
0x00007ff817610000 	/System/Library/Frameworks/IOKit.framework/Versions/A/IOKit
0x00007ff82a012000 	/System/Library/Frameworks/CoreServices.framework/Versions/A/CoreServices
0x00007ff81d59e000 	/System/Library/PrivateFrameworks/PerformanceAnalysis.framework/Versions/A/PerformanceAnalysis
0x00007ffb193d5000 	/System/Library/Frameworks/OpenGL.framework/Versions/A/OpenGL
0x00007ff81d654000 	/usr/lib/libxml2.2.dylib
0x00007ff821333000 	/System/Library/PrivateFrameworks/MobileKeyBag.framework/Versions/A/MobileKeyBag
0x00007ff813841000 	/usr/lib/libobjc.A.dylib
0x00007ff813b5a000 	/usr/lib/libc++.1.dylib
0x00007ff829f8d000 	/System/Library/Frameworks/Accessibility.framework/Versions/A/Accessibility
0x00007ff81a661000 	/System/Library/Frameworks/ColorSync.framework/Versions/A/ColorSync
0x00007ff813ca0000 	/System/Library/Frameworks/CoreFoundation.framework/Versions/A/CoreFoundation
0x00007ff81fe18000 	/System/Library/Frameworks/CoreImage.framework/Versions/A/CoreImage
0x00007ff816292000 	/System/Library/Frameworks/CoreText.framework/Versions/A/CoreText
0x00007ffb1d3d7000 	/System/Library/Frameworks/CoreTransferable.framework/Versions/A/CoreTransferable
0x00007ffb1d87b000 	/System/Library/Frameworks/DataDetection.framework/Versions/A/DataDetection
0x00007ffb1d87e000 	/System/Library/Frameworks/DeveloperToolsSupport.framework/Versions/A/DeveloperToolsSupport
0x00007ff81fa84000 	/System/Library/Frameworks/ImageIO.framework/Versions/A/ImageIO
0x00007ffb22dcb000 	/System/Library/Frameworks/Symbols.framework/Versions/A/Symbols
0x00007ffa27b6a000 	/System/Library/PrivateFrameworks/FeatureFlags.framework/Versions/A/FeatureFlags
0x00007ff822150000 	/System/Library/PrivateFrameworks/SoftLinking.framework/Versions/A/SoftLinking
0x00007ffa136f1000 	/usr/lib/swift/libswiftAccelerate.dylib
0x00007ff825b26000 	/usr/lib/swift/libswiftCore.dylib
0x00007ff91c948000 	/usr/lib/swift/libswiftCoreFoundation.dylib
0x00007ff91c995000 	/usr/lib/swift/libswiftCoreImage.dylib
0x00007ff919f6b000 	/usr/lib/swift/libswiftDarwin.dylib
0x00007ffd23532000 	/usr/lib/swift/libswiftDataDetection.dylib
0x00007ff82bde9000 	/usr/lib/swift/libswiftDispatch.dylib
0x00007ff91c996000 	/usr/lib/swift/libswiftIOKit.dylib
0x00007ff929826000 	/usr/lib/swift/libswiftMetal.dylib
0x00007ffa18bdf000 	/usr/lib/swift/libswiftOSLog.dylib
0x00007ff82e945000 	/usr/lib/swift/libswiftObjectiveC.dylib
0x00007ffd2355c000 	/usr/lib/swift/libswiftObservation.dylib
0x00007ff92ec73000 	/usr/lib/swift/libswiftQuartzCore.dylib
0x00007ffa136e2000 	/usr/lib/swift/libswiftUniformTypeIdentifiers.dylib
0x00007ff91c958000 	/usr/lib/swift/libswiftXPC.dylib
0x00007ffd2365b000 	/usr/lib/swift/libswift_Builtin_float.dylib
0x00007ffd2365e000 	/usr/lib/swift/libswift_Concurrency.dylib
0x00007ffd237a7000 	/usr/lib/swift/libswift_StringProcessing.dylib
0x00007ffd2382c000 	/usr/lib/swift/libswift_errno.dylib
0x00007ffd2382e000 	/usr/lib/swift/libswift_math.dylib
0x00007ffd23831000 	/usr/lib/swift/libswift_signal.dylib
0x00007ffd23832000 	/usr/lib/swift/libswift_stdio.dylib
0x00007ffd23833000 	/usr/lib/swift/libswift_time.dylib
0x00007ff82e949000 	/usr/lib/swift/libswiftos.dylib
0x00007ff9203ae000 	/usr/lib/swift/libswiftsimd.dylib
0x00007ffd23834000 	/usr/lib/swift/libswiftsys_time.dylib
0x00007ffd23835000 	/usr/lib/swift/libswiftunistd.dylib
0x00007ff822349000 	/usr/lib/libcompression.dylib
0x00007ff824c71000 	/System/Library/PrivateFrameworks/TextureIO.framework/Versions/A/TextureIO
0x00007ff823b2c000 	/usr/lib/libate.dylib
0x00007ff822145000 	/usr/lib/system/libcache.dylib
0x00007ff8220fe000 	/usr/lib/system/libcommonCrypto.dylib
0x00007ff822128000 	/usr/lib/system/libcompiler_rt.dylib
0x00007ff82211c000 	/usr/lib/system/libcopyfile.dylib
0x00007ff813988000 	/usr/lib/system/libcorecrypto.dylib
0x00007ff813a86000 	/usr/lib/system/libdispatch.dylib
0x00007ff813c39000 	/usr/lib/system/libdyld.dylib
0x00007ff82213b000 	/usr/lib/system/libkeymgr.dylib
0x00007ff8220e3000 	/usr/lib/system/libmacho.dylib
0x00007ff82141c000 	/usr/lib/system/libquarantine.dylib
0x00007ff822138000 	/usr/lib/system/libremovefile.dylib
0x00007ff819869000 	/usr/lib/system/libsystem_asl.dylib
0x00007ff813922000 	/usr/lib/system/libsystem_blocks.dylib
0x00007ff813ad1000 	/usr/lib/system/libsystem_c.dylib
0x00007ff822130000 	/usr/lib/system/libsystem_collections.dylib
0x00007ff8202eb000 	/usr/lib/system/libsystem_configuration.dylib
0x00007ff81f041000 	/usr/lib/system/libsystem_containermanager.dylib
0x00007ff821ca9000 	/usr/lib/system/libsystem_coreservices.dylib
0x00007ff81729a000 	/usr/lib/system/libsystem_darwin.dylib
0x00007ffd2398e000 	/usr/lib/system/libsystem_darwindirectory.dylib
0x00007ff82213c000 	/usr/lib/system/libsystem_dnssd.dylib
0x00007ffd23993000 	/usr/lib/system/libsystem_eligibility.dylib
0x00007ff813ace000 	/usr/lib/system/libsystem_featureflags.dylib
0x00007ff813c72000 	/usr/lib/system/libsystem_info.dylib
0x00007ff822074000 	/usr/lib/system/libsystem_m.dylib
0x00007ff813a3b000 	/usr/lib/system/libsystem_malloc.dylib
0x00007ff8197d9000 	/usr/lib/system/libsystem_networkextension.dylib
0x00007ff8176d6000 	/usr/lib/system/libsystem_notify.dylib
0x00007ff8202ef000 	/usr/lib/system/libsystem_sandbox.dylib
0x00007ffd2399b000 	/usr/lib/system/libsystem_sanitizers.dylib
0x00007ff822135000 	/usr/lib/system/libsystem_secinit.dylib
0x00007ff813bf0000 	/usr/lib/system/libsystem_kernel.dylib
0x00007ff813c68000 	/usr/lib/system/libsystem_platform.dylib
0x00007ff813c2d000 	/usr/lib/system/libsystem_pthread.dylib
0x00007ff81b618000 	/usr/lib/system/libsystem_symptoms.dylib
0x00007ff81396d000 	/usr/lib/system/libsystem_trace.dylib
0x00007ff82210b000 	/usr/lib/system/libunwind.dylib
0x00007ff813926000 	/usr/lib/system/libxpc.dylib
0x00007ff813bd9000 	/usr/lib/libc++abi.dylib
0x00007ffd223ed000 	/usr/lib/libRosetta.dylib
0x00007ff81758e000 	/System/Library/PrivateFrameworks/CoreServicesInternal.framework/Versions/A/CoreServicesInternal
0x00007ff822114000 	/usr/lib/liboah.dylib
0x00007ff82214d000 	/usr/lib/libfakelink.dylib
0x00007ff82df55000 	/System/Library/PrivateFrameworks/DiskImages.framework/Versions/A/DiskImages
0x00007ff919aa3000 	/System/Library/Frameworks/NetFS.framework/Versions/A/NetFS
0x00007ff819432000 	/System/Library/Frameworks/CFNetwork.framework/Versions/A/CFNetwork
0x00007ff81d5d1000 	/System/Library/Frameworks/CoreServices.framework/Versions/A/Frameworks/FSEvents.framework/Versions/A/FSEvents
0x00007ff8172a5000 	/System/Library/Frameworks/CoreServices.framework/Versions/A/Frameworks/CarbonCore.framework/Versions/A/CarbonCore
0x00007ff81c7bf000 	/System/Library/Frameworks/CoreServices.framework/Versions/A/Frameworks/Metadata.framework/Versions/A/Metadata
0x00007ff821cb0000 	/System/Library/Frameworks/CoreServices.framework/Versions/A/Frameworks/OSServices.framework/Versions/A/OSServices
0x00007ff82227a000 	/System/Library/Frameworks/CoreServices.framework/Versions/A/Frameworks/SearchKit.framework/Versions/A/SearchKit
0x00007ff81b598000 	/System/Library/Frameworks/CoreServices.framework/Versions/A/Frameworks/AE.framework/Versions/A/AE
0x00007ff814155000 	/System/Library/Frameworks/CoreServices.framework/Versions/A/Frameworks/LaunchServices.framework/Versions/A/LaunchServices
0x00007ff82388d000 	/System/Library/Frameworks/CoreServices.framework/Versions/A/Frameworks/DictionaryServices.framework/Versions/A/DictionaryServices
0x00007ff81d5df000 	/System/Library/Frameworks/CoreServices.framework/Versions/A/Frameworks/SharedFileList.framework/Versions/A/SharedFileList
0x00007ff8222fc000 	/usr/lib/libapple_nghttp2.dylib
0x00007ff81b1f4000 	/usr/lib/libsqlite3.dylib
0x00007ff82673d000 	/System/Library/Frameworks/GSS.framework/Versions/A/GSS
0x00007ff81b533000 	/System/Library/PrivateFrameworks/RunningBoardServices.framework/Versions/A/RunningBoardServices
0x00007ff81b620000 	/System/Library/Frameworks/Network.framework/Versions/A/Network
0x00007ff8220e7000 	/usr/lib/system/libkxld.dylib
0x00007ffb27759000 	/System/Library/PrivateFrameworks/AppleKeyStore.framework/Versions/A/AppleKeyStore
0x00007ffd222ba000 	/usr/lib/libCoreEntitlements.dylib
0x00007ffc21aff000 	/System/Library/PrivateFrameworks/MessageSecurity.framework/Versions/A/MessageSecurity
0x00007ff81b1da000 	/System/Library/PrivateFrameworks/ProtocolBuffer.framework/Versions/A/ProtocolBuffer
0x00007ff821c8f000 	/System/Library/PrivateFrameworks/AppleFSCompression.framework/Versions/A/AppleFSCompression
0x00007ff821429000 	/usr/lib/libcoretls.dylib
0x00007ff8238fb000 	/usr/lib/libcoretls_cfhelpers.dylib
0x00007ff822343000 	/usr/lib/libpam.2.dylib
0x00007ff823975000 	/usr/lib/libxar.1.dylib
0x00007ff82219f000 	/usr/lib/libarchive.2.dylib
0x00007ff827e81000 	/System/Library/Frameworks/Combine.framework/Versions/A/Combine
0x00007ffb2b714000 	/System/Library/PrivateFrameworks/CollectionsInternal.framework/Versions/A/CollectionsInternal
0x00007ffc29f57000 	/System/Library/PrivateFrameworks/ReflectionInternal.framework/Versions/A/ReflectionInternal
0x00007ffc2ab01000 	/System/Library/PrivateFrameworks/RuntimeInternal.framework/Versions/A/RuntimeInternal
0x00007ffd235ef000 	/usr/lib/swift/libswiftSystem.dylib
0x00007ff8202f7000 	/System/Library/PrivateFrameworks/AppleSystemInfo.framework/Versions/A/AppleSystemInfo
0x00007ff91c83a000 	/System/Library/PrivateFrameworks/LoggingSupport.framework/Versions/A/LoggingSupport
0x00007ff82af72000 	/System/Library/PrivateFrameworks/PowerLog.framework/Versions/A/PowerLog
0x00007ffb2213c000 	/System/Library/Frameworks/SwiftData.framework/Versions/A/SwiftData
0x00007ff81d7c9000 	/System/Library/PrivateFrameworks/UserManagement.framework/Versions/A/UserManagement
0x00007ff819358000 	/usr/lib/libboringssl.dylib
0x00007ff81b608000 	/usr/lib/libdns_services.dylib
0x00007ff91ba43000 	/usr/lib/libquic.dylib
0x00007ff825aae000 	/usr/lib/libusrtcp.dylib
0x00007ffa20d97000 	/System/Library/PrivateFrameworks/InternalSwiftProtobuf.framework/Versions/A/InternalSwiftProtobuf
0x00007ffd23533000 	/usr/lib/swift/libswiftDistributed.dylib
0x00007ffd235e5000 	/usr/lib/swift/libswiftSynchronization.dylib
0x00007ff819431000 	/usr/lib/libnetwork.dylib
0x00007ff92d99a000 	/System/Library/PrivateFrameworks/OSAnalytics.framework/Versions/A/OSAnalytics
0x00007ff8222da000 	/System/Library/PrivateFrameworks/AppleSauce.framework/Versions/A/AppleSauce
0x00007ff82c57d000 	/System/Library/PrivateFrameworks/CoreSymbolication.framework/Versions/A/CoreSymbolication
0x00007ffa1c723000 	/System/Library/PrivateFrameworks/Symbolication.framework/Versions/A/Symbolication
0x00007ff82c55d000 	/System/Library/PrivateFrameworks/DebugSymbols.framework/Versions/A/DebugSymbols
0x00007ffd22179000 	/usr/lib/libAppleArchive.dylib
0x00007ff821c9a000 	/usr/lib/libbz2.1.0.dylib
0x00007ff8238db000 	/usr/lib/liblzma.5.dylib
0x00007ff821131000 	/System/Library/PrivateFrameworks/IOMobileFramebuffer.framework/Versions/A/IOMobileFramebuffer
0x00007ff91c8c8000 	/System/Library/PrivateFrameworks/MallocStackLogging.framework/Versions/A/MallocStackLogging
0x00007ff823bcb000 	/System/Library/PrivateFrameworks/CrashReporterSupport.framework/Versions/A/CrashReporterSupport
0x00007ff814842000 	/System/Library/PrivateFrameworks/Lexicon.framework/Versions/A/Lexicon
0x00007ffc1a94a000 	/System/Library/PrivateFrameworks/IO80211.framework/Versions/A/IO80211
0x00007ff82c05f000 	/System/Library/PrivateFrameworks/FrontBoardServices.framework/Versions/A/FrontBoardServices
0x00007ff82135b000 	/System/Library/Frameworks/SecurityFoundation.framework/Versions/A/SecurityFoundation
0x00007ff8214ac000 	/usr/lib/libgermantok.dylib
0x00007ff82040c000 	/System/Library/PrivateFrameworks/LinguisticData.framework/Versions/A/LinguisticData
0x00007ff81b450000 	/System/Library/PrivateFrameworks/BaseBoard.framework/Versions/A/BaseBoard
0x00007ff82c12d000 	/System/Library/PrivateFrameworks/BoardServices.framework/Versions/A/BoardServices
0x00007ff82134e000 	/System/Library/PrivateFrameworks/AssertionServices.framework/Versions/A/AssertionServices
0x00007ff82dd8e000 	/System/Library/PrivateFrameworks/BackBoardServices.framework/Versions/A/BackBoardServices
0x00007ff81f48c000 	/System/Library/PrivateFrameworks/FontServices.framework/libFontParser.dylib
0x00007ff819881000 	/System/Library/PrivateFrameworks/TCC.framework/Versions/A/TCC
0x00007ff831913000 	/System/Library/PrivateFrameworks/IOSurfaceAccelerator.framework/Versions/A/IOSurfaceAccelerator
0x00007ff8244aa000 	/System/Library/PrivateFrameworks/WatchdogClient.framework/Versions/A/WatchdogClient
0x00007ff815da5000 	/System/Library/Frameworks/CoreDisplay.framework/Versions/A/CoreDisplay
0x00007ff81f338000 	/System/Library/Frameworks/CoreMedia.framework/Versions/A/CoreMedia
0x00007ff81f088000 	/System/Library/PrivateFrameworks/IOAccelerator.framework/Versions/A/IOAccelerator
0x00007ff81d737000 	/System/Library/Frameworks/CoreVideo.framework/Versions/A/CoreVideo
0x00007ff822341000 	/System/Library/Frameworks/MetalPerformanceShaders.framework/Versions/A/MetalPerformanceShaders
0x00007ffc293a8000 	/System/Library/PrivateFrameworks/ProDisplayLibrary.framework/Versions/A/ProDisplayLibrary
0x00007ff8244f0000 	/System/Library/Frameworks/VideoToolbox.framework/Versions/A/VideoToolbox
0x00007ff8202f6000 	/System/Library/PrivateFrameworks/AggregateDictionary.framework/Versions/A/AggregateDictionary
0x00007ff8238fd000 	/System/Library/PrivateFrameworks/APFS.framework/Versions/A/APFS
0x00007ff823983000 	/usr/lib/libutil.dylib
0x00007ffd13290000 	/System/Library/PrivateFrameworks/SwiftASN1Internal.framework/Versions/A/SwiftASN1Internal
0x00007ff81c84f000 	/System/Library/Frameworks/Accelerate.framework/Versions/A/Frameworks/vImage.framework/Versions/A/vImage
0x00007ff829fe9000 	/System/Library/Frameworks/Accelerate.framework/Versions/A/Frameworks/vecLib.framework/Versions/A/vecLib
0x00007ff8239b8000 	/System/Library/Frameworks/Accelerate.framework/Versions/A/Frameworks/vecLib.framework/Versions/A/libvMisc.dylib
0x00007ff8145dc000 	/System/Library/Frameworks/Accelerate.framework/Versions/A/Frameworks/vecLib.framework/Versions/A/libBLAS.dylib
0x00007ff826320000 	/System/Library/Frameworks/ApplicationServices.framework/Versions/A/Frameworks/ATS.framework/Versions/A/ATS
0x00007ff81a816000 	/System/Library/Frameworks/ApplicationServices.framework/Versions/A/Frameworks/HIServices.framework/Versions/A/HIServices
0x00007ff824bfe000 	/System/Library/Frameworks/ApplicationServices.framework/Versions/A/Frameworks/PrintCore.framework/Versions/A/PrintCore
0x00007ff826707000 	/System/Library/Frameworks/ApplicationServices.framework/Versions/A/Frameworks/QD.framework/Versions/A/QD
0x00007ff8266ff000 	/System/Library/Frameworks/ApplicationServices.framework/Versions/A/Frameworks/ColorSyncLegacy.framework/Versions/A/ColorSyncLegacy
0x00007ff8262f6000 	/System/Library/Frameworks/ApplicationServices.framework/Versions/A/Frameworks/SpeechSynthesis.framework/Versions/A/SpeechSynthesis
0x00007ff821100000 	/System/Library/PrivateFrameworks/CoreEmoji.framework/Versions/A/CoreEmoji
0x00007ffb317e7000 	/System/Library/PrivateFrameworks/FontServices.framework/Versions/A/FontServices
0x00007ff82400e000 	/System/Library/PrivateFrameworks/OTSVG.framework/Versions/A/OTSVG
0x00007ff81d2c6000 	/System/Library/Frameworks/ApplicationServices.framework/Versions/A/Frameworks/ATS.framework/Versions/A/Resources/libFontRegistry.dylib
0x00007ffd22931000 	/usr/lib/libhvf.dylib
0x00007ffc2598e000 	/System/Library/PrivateFrameworks/ParsingInternal.framework/Versions/A/ParsingInternal
0x00007ffd23578000 	/usr/lib/swift/libswiftRegexBuilder.dylib
0x00007ffd236f9000 	/usr/lib/swift/libswift_RegexParser.dylib
0x00007ff824370000 	/System/Library/PrivateFrameworks/AppleJPEG.framework/Versions/A/AppleJPEG
0x00007ff823e2e000 	/usr/lib/libexpat.1.dylib
0x00007ff824ac5000 	/System/Library/Frameworks/ImageIO.framework/Versions/A/Resources/libPng.dylib
0x00007ff824af3000 	/System/Library/Frameworks/ImageIO.framework/Versions/A/Resources/libTIFF.dylib
0x00007ff824be9000 	/System/Library/Frameworks/ImageIO.framework/Versions/A/Resources/libGIF.dylib
0x00007ff8243bd000 	/System/Library/Frameworks/ImageIO.framework/Versions/A/Resources/libJP2.dylib
0x00007ff824b88000 	/System/Library/Frameworks/ImageIO.framework/Versions/A/Resources/libJPEG.dylib
0x00007ff824b7f000 	/System/Library/Frameworks/ImageIO.framework/Versions/A/Resources/libRadiance.dylib
0x00007ffc16b35000 	/System/Library/PrivateFrameworks/GPUCompiler.framework/Versions/32023/Libraries/libllvm-flatbuffers.dylib
0x00007ffb318b2000 	/System/Library/PrivateFrameworks/FramePacing.framework/Versions/A/FramePacing
0x00007ffb193c9000 	/System/Library/Frameworks/OpenGL.framework/Versions/A/Libraries/libCoreFSCache.dylib
0x00007ffc1273d000 	/System/Library/PrivateFrameworks/GPUCompiler.framework/Versions/32023/Libraries/libGPUCompilerUtils.dylib
0x00007ffb317e8000 	/System/Library/PrivateFrameworks/FontServices.framework/libXTFontStaticRegistryData.dylib
0x00007ffc28684000 	/System/Library/PrivateFrameworks/PhotosensitivityProcessing.framework/Versions/A/PhotosensitivityProcessing
0x00007ffb1a999000 	/System/Library/Frameworks/OpenCL.framework/Versions/A/OpenCL
0x00007ff823fff000 	/System/Library/PrivateFrameworks/GraphVisualizer.framework/Versions/A/GraphVisualizer
0x00007ffb19427000 	/System/Library/Frameworks/OpenGL.framework/Versions/A/Libraries/libGLU.dylib
0x00007ffb193e8000 	/System/Library/Frameworks/OpenGL.framework/Versions/A/Libraries/libGFXShared.dylib
0x00007ffb195e4000 	/System/Library/Frameworks/OpenGL.framework/Versions/A/Libraries/libGL.dylib
0x00007ffb193f1000 	/System/Library/Frameworks/OpenGL.framework/Versions/A/Libraries/libGLImage.dylib
0x00007ffb193e5000 	/System/Library/Frameworks/OpenGL.framework/Versions/A/Libraries/libCVMSPluginSupport.dylib
0x00007ffb193d0000 	/System/Library/Frameworks/OpenGL.framework/Versions/A/Libraries/libCoreVMClient.dylib
0x00007ff820230000 	/System/Library/Frameworks/MetalPerformanceShaders.framework/Versions/A/Frameworks/MPSCore.framework/Versions/A/MPSCore
0x00007ff821bea000 	/System/Library/Frameworks/MetalPerformanceShaders.framework/Versions/A/Frameworks/MPSImage.framework/Versions/A/MPSImage
0x00007ff8214c5000 	/System/Library/Frameworks/MetalPerformanceShaders.framework/Versions/A/Frameworks/MPSNeuralNetwork.framework/Versions/A/MPSNeuralNetwork
0x00007ff821a25000 	/System/Library/Frameworks/MetalPerformanceShaders.framework/Versions/A/Frameworks/MPSMatrix.framework/Versions/A/MPSMatrix
0x00007ff8217db000 	/System/Library/Frameworks/MetalPerformanceShaders.framework/Versions/A/Frameworks/MPSRayIntersector.framework/Versions/A/MPSRayIntersector
0x00007ff821a64000 	/System/Library/Frameworks/MetalPerformanceShaders.framework/Versions/A/Frameworks/MPSNDArray.framework/Versions/A/MPSNDArray
0x00007ffb1f44b000 	/System/Library/Frameworks/MetalPerformanceShaders.framework/Versions/A/Frameworks/MPSFunctions.framework/Versions/A/MPSFunctions
0x00007ffb1f42d000 	/System/Library/Frameworks/MetalPerformanceShaders.framework/Versions/A/Frameworks/MPSBenchmarkLoop.framework/Versions/A/MPSBenchmarkLoop
0x00007ff81444d000 	/System/Library/PrivateFrameworks/MetalTools.framework/Versions/A/MetalTools
0x00007ff9218fb000 	/System/Library/PrivateFrameworks/IOAccelMemoryInfo.framework/Versions/A/IOAccelMemoryInfo
0x00007ff92f079000 	/System/Library/PrivateFrameworks/kperf.framework/Versions/A/kperf
0x00007ff91c92a000 	/System/Library/PrivateFrameworks/GPURawCounter.framework/Versions/A/GPURawCounter
0x00007ff824bba000 	/System/Library/Frameworks/ApplicationServices.framework/Versions/A/Frameworks/ATSUI.framework/Versions/A/ATSUI
0x00007ff826691000 	/usr/lib/libcups.2.dylib
0x00007ff82672e000 	/System/Library/Frameworks/Kerberos.framework/Versions/A/Kerberos
0x00007ff826399000 	/usr/lib/libresolv.9.dylib
0x00007ff822187000 	/usr/lib/libiconv.2.dylib
0x00007ff824066000 	/System/Library/PrivateFrameworks/Heimdal.framework/Versions/A/Heimdal
0x00007ff82e89d000 	/System/Library/Frameworks/Kerberos.framework/Versions/A/Libraries/libHeimdalProxy.dylib
0x00007ff823e4a000 	/usr/lib/libheimdal-asn1.dylib
0x00007ff81d5a9000 	/System/Library/Frameworks/OpenDirectory.framework/Versions/A/OpenDirectory
0x00007ff826786000 	/System/Library/PrivateFrameworks/CommonAuth.framework/Versions/A/CommonAuth
0x00007ff81d5b5000 	/System/Library/Frameworks/OpenDirectory.framework/Versions/A/Frameworks/CFOpenDirectory.framework/Versions/A/CFOpenDirectory
0x00007ff8220e2000 	/usr/lib/libcharset.1.dylib
0x00007ffb1c481000 	/System/Library/Frameworks/AVFAudio.framework/Versions/A/AVFAudio
0x00007ff916187000 	/System/Library/PrivateFrameworks/AXCoreUtilities.framework/Versions/A/AXCoreUtilities
0x00007ffc1dc10000 	/System/Library/PrivateFrameworks/IsolatedCoreAudioClient.framework/Versions/A/IsolatedCoreAudioClient
0x00007ff8262de000 	/usr/lib/libAudioStatistics.dylib
0x00007ff81f314000 	/System/Library/PrivateFrameworks/caulk.framework/Versions/A/caulk
0x00007ff815ed0000 	/System/Library/PrivateFrameworks/AudioToolboxCore.framework/Versions/A/AudioToolboxCore
0x00007ff830d3c000 	/System/Library/Frameworks/CoreMIDI.framework/Versions/A/CoreMIDI
0x00007ff826285000 	/System/Library/PrivateFrameworks/AudioSession.framework/Versions/A/AudioSession
0x00007ff827c05000 	/System/Library/Frameworks/IOBluetooth.framework/Versions/A/IOBluetooth
0x00007ff823f36000 	/System/Library/PrivateFrameworks/MediaExperience.framework/Versions/A/MediaExperience
0x00007ffd15cd7000 	/System/Library/PrivateFrameworks/Tightbeam.framework/Versions/A/Tightbeam
0x00007ffb2c0d5000 	/System/Library/PrivateFrameworks/CoreAudioOrchestration.framework/Versions/A/CoreAudioOrchestration
0x00007ffa13d26000 	/System/Library/PrivateFrameworks/AFKUser.framework/Versions/A/AFKUser
0x00007ff91c92e000 	/usr/lib/swift/libswiftCoreAudio.dylib
0x00007ff824054000 	/System/Library/PrivateFrameworks/AppServerSupport.framework/Versions/A/AppServerSupport
0x00007ff826711000 	/System/Library/PrivateFrameworks/perfdata.framework/Versions/A/perfdata
0x00007ff91bb30000 	/System/Library/PrivateFrameworks/SystemPolicy.framework/Versions/A/SystemPolicy
0x00007ff8265b0000 	/usr/lib/libSMC.dylib
0x00007ff824a90000 	/usr/lib/libAudioToolboxUtility.dylib
0x00007ff82671f000 	/usr/lib/libperfcheck.dylib
0x00007ffb285d2000 	/System/Library/PrivateFrameworks/AudioAnalytics.framework/Versions/A/AudioAnalytics
0x00007ffa20b6c000 	/System/Library/Frameworks/OSLog.framework/Versions/A/OSLog
0x00007ff91c8f8000 	/usr/lib/libmis.dylib
0x00007ff8260a6000 	/System/Library/PrivateFrameworks/AudioSession.framework/libSessionUtility.dylib
0x00007ff824bef000 	/System/Library/PrivateFrameworks/CMCaptureCore.framework/Versions/A/CMCaptureCore
0x00007ffb1d99e000 	/System/Library/Frameworks/ExtensionFoundation.framework/Versions/A/ExtensionFoundation
0x00007ff82c68f000 	/System/Library/PrivateFrameworks/CoreTime.framework/Versions/A/CoreTime
0x00007ff823d1e000 	/System/Library/PrivateFrameworks/PlugInKit.framework/Versions/A/PlugInKit
0x00007ff82ae78000 	/System/Library/Frameworks/CoreBluetooth.framework/Versions/A/CoreBluetooth
0x00007ff82e89e000 	/System/Library/Frameworks/AudioUnit.framework/Versions/A/AudioUnit
0x00007ff8211bd000 	/System/Library/PrivateFrameworks/CoreUtils.framework/Versions/A/CoreUtils
0x00007ffb2f263000 	/System/Library/PrivateFrameworks/CoreUtilsExtras.framework/Versions/A/CoreUtilsExtras
0x00007ff82a30b000 	/System/Library/Frameworks/MediaAccessibility.framework/Versions/A/MediaAccessibility
0x00007ff924ce1000 	/System/Library/PrivateFrameworks/AttributeGraph.framework/Versions/A/AttributeGraph
0x00007ffd220fa000 	/usr/lib/libAXSafeCategoryBundle.dylib
0x00007ff91622c000 	/usr/lib/libAccessibility.dylib
0x00007ff820f34000 	/System/Library/Frameworks/Accelerate.framework/Versions/A/Frameworks/vecLib.framework/Versions/A/libvDSP.dylib
0x00007ff82242f000 	/System/Library/Frameworks/Accelerate.framework/Versions/A/Frameworks/vecLib.framework/Versions/A/libLAPACK.dylib
0x00007ff8214af000 	/System/Library/Frameworks/Accelerate.framework/Versions/A/Frameworks/vecLib.framework/Versions/A/libLinearAlgebra.dylib
0x00007ff822317000 	/System/Library/Frameworks/Accelerate.framework/Versions/A/Frameworks/vecLib.framework/Versions/A/libSparseBLAS.dylib
0x00007ff822429000 	/System/Library/Frameworks/Accelerate.framework/Versions/A/Frameworks/vecLib.framework/Versions/A/libQuadrature.dylib
0x00007ff820412000 	/System/Library/Frameworks/Accelerate.framework/Versions/A/Frameworks/vecLib.framework/Versions/A/libBNNS.dylib
0x00007ff814946000 	/System/Library/Frameworks/Accelerate.framework/Versions/A/Frameworks/vecLib.framework/Versions/A/libSparse.dylib
0x00007ffc1efe2000 	/System/Library/PrivateFrameworks/MIL.framework/Versions/A/MIL
0x00007ff824b78000 	/System/Library/PrivateFrameworks/GPUWrangler.framework/Versions/A/GPUWrangler
0x00007ff824b5c000 	/System/Library/PrivateFrameworks/IOPresentment.framework/Versions/A/IOPresentment
0x00007ff824b82000 	/System/Library/PrivateFrameworks/DSExternalDisplay.framework/Versions/A/DSExternalDisplay
0x00007ffa20f62000 	/System/Library/PrivateFrameworks/HIDDisplay.framework/Versions/A/HIDDisplay
0x00007ff91549b000 	/System/Library/PrivateFrameworks/HID.framework/Versions/A/HID
0x00007ffd1931b000 	/System/Library/PrivateFrameworks/VideoToolboxParavirtualizationSupport.framework/Versions/A/VideoToolboxParavirtualizationSupport
0x00007ff823de0000 	/System/Library/PrivateFrameworks/AppleVA.framework/Versions/A/AppleVA
0x00007ff82c1da000 	/System/Library/PrivateFrameworks/GraphicsServices.framework/Versions/A/GraphicsServices
0x00007ff8268fc000 	/System/Library/PrivateFrameworks/CorePhoneNumbers.framework/Versions/A/CorePhoneNumbers
0x00007ff82b054000 	/System/Library/PrivateFrameworks/MediaKit.framework/Versions/A/MediaKit
0x00007ff82afae000 	/System/Library/Frameworks/DiscRecording.framework/Versions/A/DiscRecording
0x00007ff8266f4000 	/System/Library/PrivateFrameworks/NetAuth.framework/Versions/A/NetAuth
0x00007ff81d78b000 	/System/Library/PrivateFrameworks/login.framework/Versions/A/Frameworks/loginsupport.framework/Versions/A/loginsupport
0x00007ff823e53000 	/System/Library/PrivateFrameworks/IconFoundation.framework/Versions/A/IconFoundation
0x00007ff823bc2000 	/usr/lib/libIOReport.dylib
0x00007ffb28203000 	/System/Library/PrivateFrameworks/AppleMobileFileIntegrity.framework/Versions/A/AppleMobileFileIntegrity
0x00007ffd22448000 	/usr/lib/libTLE.dylib
0x00007ffa3049d000 	/System/Library/PrivateFrameworks/ConfigProfileHelper.framework/Versions/A/ConfigProfileHelper
0x00007ff821451000 	/usr/lib/libmecab.dylib
0x00007ff814b13000 	/usr/lib/libCRFSuite.dylib
0x00007ff8202fe000 	/System/Library/PrivateFrameworks/CoreNLP.framework/Versions/A/CoreNLP
0x00007ff8222d2000 	/usr/lib/libThaiTokenizer.dylib
0x00007ff82141f000 	/usr/lib/libCheckFix.dylib
0x00007ff81c762000 	/System/Library/PrivateFrameworks/MetadataUtilities.framework/Versions/A/MetadataUtilities
0x00007ffc1b141000 	/System/Library/PrivateFrameworks/InstalledContentLibrary.framework/Versions/A/InstalledContentLibrary
0x00007ff8175cf000 	/System/Library/PrivateFrameworks/CoreServicesStore.framework/Versions/A/CoreServicesStore
0x00007ff92f179000 	/System/Library/PrivateFrameworks/MobileSystemServices.framework/Versions/A/MobileSystemServices
0x00007ff823987000 	/usr/lib/libxslt.1.dylib
0x00007ff8213e5000 	/System/Library/PrivateFrameworks/BackgroundTaskManagement.framework/Versions/A/BackgroundTaskManagement
0x00007ff82e102000 	/usr/lib/libcurl.4.dylib
0x00007ffd227db000 	/usr/lib/libcrypto.46.dylib
0x00007ffd23312000 	/usr/lib/libssl.48.dylib
0x00007ff82dde8000 	/System/Library/Frameworks/LDAP.framework/Versions/A/LDAP
0x00007ff82de22000 	/System/Library/PrivateFrameworks/TrustEvaluationAgent.framework/Versions/A/TrustEvaluationAgent
0x00007ff8263b6000 	/usr/lib/libsasl2.2.dylib
0x00007ff919f6a000 	/usr/lib/swift/libswiftCoreGraphics.dylib
0x00007ff82a928000 	/usr/lib/swift/libswiftFoundation.dylib
0x00007ffa2ff2b000 	/usr/lib/swift/libswiftSwiftOnoneSupport.dylib
0x00007ffa1ce31000 	/System/Library/PrivateFrameworks/CoreMaterial.framework/Versions/A/CoreMaterial
0x00007ffc2abe9000 	/System/Library/PrivateFrameworks/SFSymbols.framework/Versions/A/SFSymbols
0x00007ff829bf7000 	/System/Library/PrivateFrameworks/SpeechRecognitionCore.framework/Versions/A/SpeechRecognitionCore
0x0000000108ffc000 	/Library/Java/JavaVirtualMachines/jdk1.8.0_201.jdk/Contents/Home/jre/lib/server/libjvm.dylib
0x00007ff91c7ea000 	/usr/lib/libstdc++.6.dylib
0x0000000108086000 	/Library/Java/JavaVirtualMachines/jdk1.8.0_201.jdk/Contents/Home/jre/lib/libverify.dylib
0x00000001080ca000 	/Library/Java/JavaVirtualMachines/jdk1.8.0_201.jdk/Contents/Home/jre/lib/libjava.dylib
0x00000001080ae000 	/Library/Java/JavaVirtualMachines/jdk1.8.0_201.jdk/Contents/Home/jre/lib/libzip.dylib
0x0000000108f67000 	/Library/Java/JavaVirtualMachines/jdk1.8.0_201.jdk/Contents/Home/jre/lib/libnet.dylib

VM Arguments:
jvm_args: -ea -Dfile.encoding=UTF-8 
java_command: org.eclipse.jdt.internal.junit.runner.RemoteTestRunner -version 3 -port 55670 -testLoaderClass org.eclipse.jdt.internal.junit4.runner.JUnit4TestLoader -loaderpluginname org.eclipse.jdt.junit4.runtime -classNames run.soeasy.framework.core.invoke.reflect.ReflectionTest
java_class_path (initial): /Users/alisa/eclipse-workspace-framework/framework/core/target/test-classes:/Users/alisa/eclipse-workspace-framework/framework/core/target/classes:/Users/alisa/eclipse-workspace-framework/framework/testing/target/classes:/Users/alisa/.m2/repository/junit/junit/4.13.2/junit-4.13.2.jar:/Users/alisa/.m2/repository/org/hamcrest/hamcrest-core/1.3/hamcrest-core-1.3.jar:/Users/alisa/.m2/repository/org/projectlombok/lombok/1.18.26/lombok-1.18.26.jar:/Users/alisa/eclipse/jee-2022-09/Eclipse.app/Contents/Eclipse/configuration/org.eclipse.osgi/411/0/.cp:/Users/alisa/eclipse/jee-2022-09/Eclipse.app/Contents/Eclipse/configuration/org.eclipse.osgi/410/0/.cp
Launcher Type: SUN_STANDARD

Environment Variables:
PATH=/usr/bin:/bin:/usr/sbin:/sbin
SHELL=/bin/bash

Signal Handlers:
SIGSEGV: [libjvm.dylib+0x5b723d], sa_mask[0]=11111111011111110111111111111111, sa_flags=SA_ONSTACK|SA_RESTART|SA_SIGINFO
SIGBUS: [libjvm.dylib+0x5b723d], sa_mask[0]=11111111011111110111111111111111, sa_flags=SA_RESTART|SA_SIGINFO
SIGFPE: [libjvm.dylib+0x48c9bc], sa_mask[0]=11111111011111110111111111111111, sa_flags=SA_RESTART|SA_SIGINFO
SIGPIPE: [libjvm.dylib+0x48c9bc], sa_mask[0]=11111111011111110111111111111111, sa_flags=SA_RESTART|SA_SIGINFO
SIGXFSZ: [libjvm.dylib+0x48c9bc], sa_mask[0]=11111111011111110111111111111111, sa_flags=SA_RESTART|SA_SIGINFO
SIGILL: [libjvm.dylib+0x48c9bc], sa_mask[0]=11111111011111110111111111111111, sa_flags=SA_RESTART|SA_SIGINFO
SIGUSR1: SIG_DFL, sa_mask[0]=00000000000000000000000000000000, sa_flags=none
SIGUSR2: [libjvm.dylib+0x48c4da], sa_mask[0]=00100000000000000000000000000000, sa_flags=SA_RESTART|SA_SIGINFO
SIGHUP: [libjvm.dylib+0x48aa65], sa_mask[0]=11111111011111110111111111111111, sa_flags=SA_RESTART|SA_SIGINFO
SIGINT: [libjvm.dylib+0x48aa65], sa_mask[0]=11111111011111110111111111111111, sa_flags=SA_RESTART|SA_SIGINFO
SIGTERM: [libjvm.dylib+0x48aa65], sa_mask[0]=11111111011111110111111111111111, sa_flags=SA_RESTART|SA_SIGINFO
SIGQUIT: [libjvm.dylib+0x48aa65], sa_mask[0]=11111111011111110111111111111111, sa_flags=SA_RESTART|SA_SIGINFO


---------------  S Y S T E M  ---------------

OS:Bsduname:Darwin 24.5.0 Darwin Kernel Version 24.5.0: Tue Apr 22 19:53:26 PDT 2025; root:xnu-11417.121.6~2/RELEASE_X86_64 x86_64
rlimit: STACK 8192k, CORE 0k, NPROC 2784, NOFILE 10240, AS infinity
load average:2.16 2.51 2.88

CPU:total 12 (initial active 12) (6 cores per cpu, 2 threads per core) family 6 model 158 stepping 10, cmov, cx8, fxsr, mmx, sse, sse2, sse3, ssse3, sse4.1, sse4.2, popcnt, avx, avx2, aes, clmul, erms, rtm, 3dnowpref, lzcnt, ht, tsc, tscinvbit, bmi1, bmi2, adx

Memory: 4k page, physical 16777216k(433400k free)

/proc/meminfo:


vm_info: Java HotSpot(TM) 64-Bit Server VM (25.201-b09) for bsd-amd64 JRE (1.8.0_201-b09), built on Dec 15 2018 18:35:23 by "java_re" with gcc 4.2.1 (Based on Apple Inc. build 5658) (LLVM build 2336.11.00)

time: Thu May 29 23:44:41 2025
timezone: CST
elapsed time: 0 seconds (0d 0h 0m 0s)

